<?xml version="1.0" encoding="UTF-8"?>
<!-- Generated by org.testng.reporters.JUnitReportReporter -->
<testsuite hostname="BDC4-D-5S8XQG2" name="com.seleniumtrng.TestClass5_JSExecutor" tests="1" failures="0" timestamp="15 Oct 2018 08:42:40 GMT" time="13.472" errors="0">
  <testcase name="method1" time="13.472" classname="com.seleniumtrng.TestClass5_JSExecutor"/>
</testsuite> <!-- com.seleniumtrng.TestClass5_JSExecutor -->
