<?xml version="1.0" encoding="UTF-8"?>
<!-- Generated by org.testng.reporters.JUnitReportReporter -->
<testsuite hostname="BDC4-D-5S8XQG2" name="com.seleniumtrng.TestClass1_mousehover" tests="1" failures="0" timestamp="15 Oct 2018 11:25:55 GMT" time="36.059" errors="0">
  <testcase name="method1" time="36.059" classname="com.seleniumtrng.TestClass1_mousehover"/>
</testsuite> <!-- com.seleniumtrng.TestClass1_mousehover -->
