<?xml version="1.0" encoding="UTF-8"?>
<!-- Generated by org.testng.reporters.JUnitReportReporter -->
<testsuite hostname="BDC4-D-5S8XQG2" name="com.seleniumtrng.TestClass4" tests="1" failures="0" timestamp="15 Oct 2018 06:17:01 GMT" time="10.803" errors="0">
  <testcase name="method1" time="10.803" classname="com.seleniumtrng.TestClass4"/>
</testsuite> <!-- com.seleniumtrng.TestClass4 -->
