<?xml version="1.0" encoding="UTF-8"?>
<!-- Generated by org.testng.reporters.JUnitReportReporter -->
<testsuite hostname="BDC4-D-5S8XQG2" name="com.Test.TestPHPTravels" tests="3" failures="0" timestamp="16 Oct 2018 11:29:16 GMT" time="36.375" errors="0">
  <testcase name="invalidAdminErromessagetest" time="8.308" classname="com.Test.TestPHPTravels"/>
  <testcase name="invalidAdminEmail" time="8.250" classname="com.Test.TestPHPTravels"/>
  <testcase name="validAdminTest" time="19.817" classname="com.Test.TestPHPTravels"/>
</testsuite> <!-- com.Test.TestPHPTravels -->
