<?xml version="1.0" encoding="UTF-8"?>
<!-- Generated by org.testng.reporters.JUnitReportReporter -->
<testsuite hostname="BDC4-D-5S8XQG2" name="com.seleniumtrng.TestClass6_CookieExmple" tests="1" failures="0" timestamp="15 Oct 2018 09:04:41 GMT" time="8.745" errors="0">
  <testcase name="method1" time="8.745" classname="com.seleniumtrng.TestClass6_CookieExmple"/>
</testsuite> <!-- com.seleniumtrng.TestClass6_CookieExmple -->
