<?xml version="1.0" encoding="UTF-8"?>
<!-- Generated by org.testng.reporters.JUnitReportReporter -->
<testsuite hostname="BDC4-D-5S8XQG2" name="com.seleniumtrng.TestClass3_newWindow" tests="1" failures="0" timestamp="15 Oct 2018 06:47:16 GMT" time="9.288" errors="0">
  <testcase name="method1" time="9.288" classname="com.seleniumtrng.TestClass3_newWindow"/>
</testsuite> <!-- com.seleniumtrng.TestClass3_newWindow -->
