<?xml version="1.0" encoding="UTF-8"?>
<!-- Generated by org.testng.reporters.JUnitReportReporter -->
<testsuite hostname="BDC4-D-5S8XQG2" name="com.seleniumtrng.TestClass3" tests="1" failures="0" timestamp="15 Oct 2018 06:04:03 GMT" time="5.159" errors="0">
  <testcase name="method1" time="5.159" classname="com.seleniumtrng.TestClass3"/>
</testsuite> <!-- com.seleniumtrng.TestClass3 -->
