<?xml version="1.0" encoding="UTF-8"?>
<!-- Generated by org.testng.reporters.JUnitReportReporter -->
<testsuite hostname="BDC4-D-5S8XQG2" name="com.seleniumtrng.TestClass7_RobotClass" tests="1" failures="0" timestamp="15 Oct 2018 10:04:20 GMT" time="19.382" errors="0">
  <testcase name="method1" time="19.382" classname="com.seleniumtrng.TestClass7_RobotClass"/>
</testsuite> <!-- com.seleniumtrng.TestClass7_RobotClass -->
