<?xml version="1.0" encoding="UTF-8"?>
<!-- Generated by org.testng.reporters.JUnitReportReporter -->
<testsuite hostname="BDC4-D-5S8XQG2" name="com.test.LogTest" tests="1" failures="0" timestamp="16 Oct 2018 06:25:59 GMT" time="3.302" errors="0">
  <testcase name="ManualLoggerDemo" time="3.302" classname="com.test.LogTest"/>
</testsuite> <!-- com.test.LogTest -->
