<?xml version="1.0" encoding="UTF-8"?>
<!-- Generated by org.testng.reporters.JUnitReportReporter -->
<testsuite hostname="BDC4-D-5S8XQG2" name="com.seleniumtrng.TestClass2" tests="1" failures="0" timestamp="15 Oct 2018 05:56:09 GMT" time="9.950" errors="0">
  <testcase name="method1" time="9.950" classname="com.seleniumtrng.TestClass2"/>
</testsuite> <!-- com.seleniumtrng.TestClass2 -->
